17 mar 2018 18:41:09 [DEBUG] [org.hibernate.type.BasicTypeRegistry:145] Adding type registration boolean -> org.hibernate.type.BooleanType@1c8530f
17 mar 2018 18:41:09 [DEBUG] [org.hibernate.type.BasicTypeRegistry:145] Adding type registration boolean -> org.hibernate.type.BooleanType@1c8530f
17 mar 2018 18:41:09 [DEBUG] [org.hibernate.type.BasicTypeRegistry:145] Adding type registration java.lang.Boolean -> org.hibernate.type.BooleanType@1c8530f
17 mar 2018 18:41:09 [DEBUG] [org.hibernate.type.BasicTypeRegistry:145] Adding type registration numeric_boolean -> org.hibernate.type.NumericBooleanType@1d0685f
17 mar 2018 18:41:09 [DEBUG] [org.hibernate.type.BasicTypeRegistry:145] Adding type registration true_false -> org.hibernate.type.TrueFalseType@e6aa2
17 mar 2018 18:41:09 [DEBUG] [org.hibernate.type.BasicTypeRegistry:145] Adding type registration yes_no -> org.hibernate.type.YesNoType@1b64261
17 mar 2018 18:41:09 [DEBUG] [org.hibernate.type.BasicTypeRegistry:145] Adding type registration byte -> org.hibernate.type.ByteType@76c8cd
17 mar 2018 18:41:09 [DEBUG] [org.hibernate.type.BasicTypeRegistry:145] Adding type registration byte -> org.hibernate.type.ByteType@76c8cd
17 mar 2018 18:41:09 [DEBUG] [org.hibernate.type.BasicTypeRegistry:145] Adding type registration java.lang.Byte -> org.hibernate.type.ByteType@76c8cd
17 mar 2018 18:41:09 [DEBUG] [org.hibernate.type.BasicTypeRegistry:145] Adding type registration character -> org.hibernate.type.CharacterType@1e7803
17 mar 2018 18:41:09 [DEBUG] [org.hibernate.type.BasicTypeRegistry:145] Adding type registration char -> org.hibernate.type.CharacterType@1e7803
17 mar 2018 18:41:09 [DEBUG] [org.hibernate.type.BasicTypeRegistry:145] Adding type registration java.lang.Character -> org.hibernate.type.CharacterType@1e7803
17 mar 2018 18:41:09 [DEBUG] [org.hibernate.type.BasicTypeRegistry:145] Adding type registration short -> org.hibernate.type.ShortType@178436e
17 mar 2018 18:41:09 [DEBUG] [org.hibernate.type.BasicTypeRegistry:145] Adding type registration short -> org.hibernate.type.ShortType@178436e
17 mar 2018 18:41:09 [DEBUG] [org.hibernate.type.BasicTypeRegistry:145] Adding type registration java.lang.Short -> org.hibernate.type.ShortType@178436e
17 mar 2018 18:41:09 [DEBUG] [org.hibernate.type.BasicTypeRegistry:145] Adding type registration integer -> org.hibernate.type.IntegerType@1db50c5
17 mar 2018 18:41:09 [DEBUG] [org.hibernate.type.BasicTypeRegistry:145] Adding type registration int -> org.hibernate.type.IntegerType@1db50c5
17 mar 2018 18:41:09 [DEBUG] [org.hibernate.type.BasicTypeRegistry:145] Adding type registration java.lang.Integer -> org.hibernate.type.IntegerType@1db50c5
17 mar 2018 18:41:09 [DEBUG] [org.hibernate.type.BasicTypeRegistry:145] Adding type registration long -> org.hibernate.type.LongType@f4d528
17 mar 2018 18:41:09 [DEBUG] [org.hibernate.type.BasicTypeRegistry:145] Adding type registration long -> org.hibernate.type.LongType@f4d528
17 mar 2018 18:41:09 [DEBUG] [org.hibernate.type.BasicTypeRegistry:145] Adding type registration java.lang.Long -> org.hibernate.type.LongType@f4d528
17 mar 2018 18:41:09 [DEBUG] [org.hibernate.type.BasicTypeRegistry:145] Adding type registration float -> org.hibernate.type.FloatType@f7c8c1
17 mar 2018 18:41:09 [DEBUG] [org.hibernate.type.BasicTypeRegistry:145] Adding type registration float -> org.hibernate.type.FloatType@f7c8c1
17 mar 2018 18:41:09 [DEBUG] [org.hibernate.type.BasicTypeRegistry:145] Adding type registration java.lang.Float -> org.hibernate.type.FloatType@f7c8c1
17 mar 2018 18:41:09 [DEBUG] [org.hibernate.type.BasicTypeRegistry:145] Adding type registration double -> org.hibernate.type.DoubleType@179bb86
17 mar 2018 18:41:09 [DEBUG] [org.hibernate.type.BasicTypeRegistry:145] Adding type registration double -> org.hibernate.type.DoubleType@179bb86
17 mar 2018 18:41:09 [DEBUG] [org.hibernate.type.BasicTypeRegistry:145] Adding type registration java.lang.Double -> org.hibernate.type.DoubleType@179bb86
17 mar 2018 18:41:09 [DEBUG] [org.hibernate.type.BasicTypeRegistry:145] Adding type registration big_decimal -> org.hibernate.type.BigDecimalType@1dba6f9
17 mar 2018 18:41:09 [DEBUG] [org.hibernate.type.BasicTypeRegistry:145] Adding type registration java.math.BigDecimal -> org.hibernate.type.BigDecimalType@1dba6f9
17 mar 2018 18:41:09 [DEBUG] [org.hibernate.type.BasicTypeRegistry:145] Adding type registration big_integer -> org.hibernate.type.BigIntegerType@123a213
17 mar 2018 18:41:09 [DEBUG] [org.hibernate.type.BasicTypeRegistry:145] Adding type registration java.math.BigInteger -> org.hibernate.type.BigIntegerType@123a213
17 mar 2018 18:41:09 [DEBUG] [org.hibernate.type.BasicTypeRegistry:145] Adding type registration string -> org.hibernate.type.StringType@1e3708
17 mar 2018 18:41:09 [DEBUG] [org.hibernate.type.BasicTypeRegistry:145] Adding type registration java.lang.String -> org.hibernate.type.StringType@1e3708
17 mar 2018 18:41:09 [DEBUG] [org.hibernate.type.BasicTypeRegistry:145] Adding type registration nstring -> org.hibernate.type.StringNVarcharType@116af24
17 mar 2018 18:41:09 [DEBUG] [org.hibernate.type.BasicTypeRegistry:145] Adding type registration ncharacter -> org.hibernate.type.CharacterNCharType@22d9d
17 mar 2018 18:41:09 [DEBUG] [org.hibernate.type.BasicTypeRegistry:145] Adding type registration url -> org.hibernate.type.UrlType@4041cc
17 mar 2018 18:41:09 [DEBUG] [org.hibernate.type.BasicTypeRegistry:145] Adding type registration java.net.URL -> org.hibernate.type.UrlType@4041cc
17 mar 2018 18:41:09 [DEBUG] [org.hibernate.type.BasicTypeRegistry:145] Adding type registration Duration -> org.hibernate.type.DurationType@1b4de6a
17 mar 2018 18:41:09 [DEBUG] [org.hibernate.type.BasicTypeRegistry:145] Adding type registration java.time.Duration -> org.hibernate.type.DurationType@1b4de6a
17 mar 2018 18:41:09 [DEBUG] [org.hibernate.type.BasicTypeRegistry:145] Adding type registration Instant -> org.hibernate.type.InstantType@57643e
17 mar 2018 18:41:09 [DEBUG] [org.hibernate.type.BasicTypeRegistry:145] Adding type registration java.time.Instant -> org.hibernate.type.InstantType@57643e
17 mar 2018 18:41:09 [DEBUG] [org.hibernate.type.BasicTypeRegistry:145] Adding type registration LocalDateTime -> org.hibernate.type.LocalDateTimeType@ab0bfb
17 mar 2018 18:41:09 [DEBUG] [org.hibernate.type.BasicTypeRegistry:145] Adding type registration java.time.LocalDateTime -> org.hibernate.type.LocalDateTimeType@ab0bfb
17 mar 2018 18:41:09 [DEBUG] [org.hibernate.type.BasicTypeRegistry:145] Adding type registration LocalDate -> org.hibernate.type.LocalDateType@1bd940d
17 mar 2018 18:41:09 [DEBUG] [org.hibernate.type.BasicTypeRegistry:145] Adding type registration java.time.LocalDate -> org.hibernate.type.LocalDateType@1bd940d
17 mar 2018 18:41:09 [DEBUG] [org.hibernate.type.BasicTypeRegistry:145] Adding type registration LocalTime -> org.hibernate.type.LocalTimeType@18314f0
17 mar 2018 18:41:09 [DEBUG] [org.hibernate.type.BasicTypeRegistry:145] Adding type registration java.time.LocalTime -> org.hibernate.type.LocalTimeType@18314f0
17 mar 2018 18:41:09 [DEBUG] [org.hibernate.type.BasicTypeRegistry:145] Adding type registration OffsetDateTime -> org.hibernate.type.OffsetDateTimeType@1d94634
17 mar 2018 18:41:09 [DEBUG] [org.hibernate.type.BasicTypeRegistry:145] Adding type registration java.time.OffsetDateTime -> org.hibernate.type.OffsetDateTimeType@1d94634
17 mar 2018 18:41:09 [DEBUG] [org.hibernate.type.BasicTypeRegistry:145] Adding type registration OffsetTime -> org.hibernate.type.OffsetTimeType@188e820
17 mar 2018 18:41:09 [DEBUG] [org.hibernate.type.BasicTypeRegistry:145] Adding type registration java.time.OffsetTime -> org.hibernate.type.OffsetTimeType@188e820
17 mar 2018 18:41:09 [DEBUG] [org.hibernate.type.BasicTypeRegistry:145] Adding type registration ZonedDateTime -> org.hibernate.type.ZonedDateTimeType@117cd4b
17 mar 2018 18:41:09 [DEBUG] [org.hibernate.type.BasicTypeRegistry:145] Adding type registration java.time.ZonedDateTime -> org.hibernate.type.ZonedDateTimeType@117cd4b
17 mar 2018 18:41:09 [DEBUG] [org.hibernate.type.BasicTypeRegistry:145] Adding type registration date -> org.hibernate.type.DateType@19d4f69
17 mar 2018 18:41:09 [DEBUG] [org.hibernate.type.BasicTypeRegistry:145] Adding type registration java.sql.Date -> org.hibernate.type.DateType@19d4f69
17 mar 2018 18:41:09 [DEBUG] [org.hibernate.type.BasicTypeRegistry:145] Adding type registration time -> org.hibernate.type.TimeType@1a10787
17 mar 2018 18:41:09 [DEBUG] [org.hibernate.type.BasicTypeRegistry:145] Adding type registration java.sql.Time -> org.hibernate.type.TimeType@1a10787
17 mar 2018 18:41:09 [DEBUG] [org.hibernate.type.BasicTypeRegistry:145] Adding type registration timestamp -> org.hibernate.type.TimestampType@41089d
17 mar 2018 18:41:09 [DEBUG] [org.hibernate.type.BasicTypeRegistry:145] Adding type registration java.sql.Timestamp -> org.hibernate.type.TimestampType@41089d
17 mar 2018 18:41:09 [DEBUG] [org.hibernate.type.BasicTypeRegistry:145] Adding type registration java.util.Date -> org.hibernate.type.TimestampType@41089d
17 mar 2018 18:41:09 [DEBUG] [org.hibernate.type.BasicTypeRegistry:145] Adding type registration dbtimestamp -> org.hibernate.type.DbTimestampType@5c30cc
17 mar 2018 18:41:09 [DEBUG] [org.hibernate.type.BasicTypeRegistry:145] Adding type registration calendar -> org.hibernate.type.CalendarType@1a794e5
17 mar 2018 18:41:09 [DEBUG] [org.hibernate.type.BasicTypeRegistry:145] Adding type registration java.util.Calendar -> org.hibernate.type.CalendarType@1a794e5
17 mar 2018 18:41:09 [DEBUG] [org.hibernate.type.BasicTypeRegistry:145] Adding type registration java.util.GregorianCalendar -> org.hibernate.type.CalendarType@1a794e5
17 mar 2018 18:41:09 [DEBUG] [org.hibernate.type.BasicTypeRegistry:145] Adding type registration calendar_date -> org.hibernate.type.CalendarDateType@1f828d7
17 mar 2018 18:41:09 [DEBUG] [org.hibernate.type.BasicTypeRegistry:145] Adding type registration locale -> org.hibernate.type.LocaleType@1206beb
17 mar 2018 18:41:09 [DEBUG] [org.hibernate.type.BasicTypeRegistry:145] Adding type registration java.util.Locale -> org.hibernate.type.LocaleType@1206beb
17 mar 2018 18:41:09 [DEBUG] [org.hibernate.type.BasicTypeRegistry:145] Adding type registration currency -> org.hibernate.type.CurrencyType@d6fe6
17 mar 2018 18:41:09 [DEBUG] [org.hibernate.type.BasicTypeRegistry:145] Adding type registration java.util.Currency -> org.hibernate.type.CurrencyType@d6fe6
17 mar 2018 18:41:09 [DEBUG] [org.hibernate.type.BasicTypeRegistry:145] Adding type registration timezone -> org.hibernate.type.TimeZoneType@1574691
17 mar 2018 18:41:09 [DEBUG] [org.hibernate.type.BasicTypeRegistry:145] Adding type registration java.util.TimeZone -> org.hibernate.type.TimeZoneType@1574691
17 mar 2018 18:41:09 [DEBUG] [org.hibernate.type.BasicTypeRegistry:145] Adding type registration class -> org.hibernate.type.ClassType@1445d7f
17 mar 2018 18:41:09 [DEBUG] [org.hibernate.type.BasicTypeRegistry:145] Adding type registration java.lang.Class -> org.hibernate.type.ClassType@1445d7f
17 mar 2018 18:41:10 [DEBUG] [org.hibernate.type.BasicTypeRegistry:145] Adding type registration uuid-binary -> org.hibernate.type.UUIDBinaryType@1248c21
17 mar 2018 18:41:10 [DEBUG] [org.hibernate.type.BasicTypeRegistry:145] Adding type registration java.util.UUID -> org.hibernate.type.UUIDBinaryType@1248c21
17 mar 2018 18:41:10 [DEBUG] [org.hibernate.type.BasicTypeRegistry:145] Adding type registration uuid-char -> org.hibernate.type.UUIDCharType@1e202ad
17 mar 2018 18:41:10 [DEBUG] [org.hibernate.type.BasicTypeRegistry:145] Adding type registration binary -> org.hibernate.type.BinaryType@38921c
17 mar 2018 18:41:10 [DEBUG] [org.hibernate.type.BasicTypeRegistry:145] Adding type registration byte[] -> org.hibernate.type.BinaryType@38921c
17 mar 2018 18:41:10 [DEBUG] [org.hibernate.type.BasicTypeRegistry:145] Adding type registration [B -> org.hibernate.type.BinaryType@38921c
17 mar 2018 18:41:10 [DEBUG] [org.hibernate.type.BasicTypeRegistry:145] Adding type registration wrapper-binary -> org.hibernate.type.WrapperBinaryType@364841
17 mar 2018 18:41:10 [DEBUG] [org.hibernate.type.BasicTypeRegistry:145] Adding type registration Byte[] -> org.hibernate.type.WrapperBinaryType@364841
17 mar 2018 18:41:10 [DEBUG] [org.hibernate.type.BasicTypeRegistry:145] Adding type registration [Ljava.lang.Byte; -> org.hibernate.type.WrapperBinaryType@364841
17 mar 2018 18:41:10 [DEBUG] [org.hibernate.type.BasicTypeRegistry:145] Adding type registration row_version -> org.hibernate.type.RowVersionType@1d9bc04
17 mar 2018 18:41:10 [DEBUG] [org.hibernate.type.BasicTypeRegistry:145] Adding type registration image -> org.hibernate.type.ImageType@17badd3
17 mar 2018 18:41:10 [DEBUG] [org.hibernate.type.BasicTypeRegistry:145] Adding type registration characters -> org.hibernate.type.CharArrayType@3a5fd2
17 mar 2018 18:41:10 [DEBUG] [org.hibernate.type.BasicTypeRegistry:145] Adding type registration char[] -> org.hibernate.type.CharArrayType@3a5fd2
17 mar 2018 18:41:10 [DEBUG] [org.hibernate.type.BasicTypeRegistry:145] Adding type registration [C -> org.hibernate.type.CharArrayType@3a5fd2
17 mar 2018 18:41:10 [DEBUG] [org.hibernate.type.BasicTypeRegistry:145] Adding type registration wrapper-characters -> org.hibernate.type.CharacterArrayType@11274d2
17 mar 2018 18:41:10 [DEBUG] [org.hibernate.type.BasicTypeRegistry:145] Adding type registration [Ljava.lang.Character; -> org.hibernate.type.CharacterArrayType@11274d2
17 mar 2018 18:41:10 [DEBUG] [org.hibernate.type.BasicTypeRegistry:145] Adding type registration Character[] -> org.hibernate.type.CharacterArrayType@11274d2
17 mar 2018 18:41:10 [DEBUG] [org.hibernate.type.BasicTypeRegistry:145] Adding type registration text -> org.hibernate.type.TextType@1d20e46
17 mar 2018 18:41:10 [DEBUG] [org.hibernate.type.BasicTypeRegistry:145] Adding type registration ntext -> org.hibernate.type.NTextType@5b461a
17 mar 2018 18:41:10 [DEBUG] [org.hibernate.type.BasicTypeRegistry:145] Adding type registration blob -> org.hibernate.type.BlobType@168b9a4
17 mar 2018 18:41:10 [DEBUG] [org.hibernate.type.BasicTypeRegistry:145] Adding type registration java.sql.Blob -> org.hibernate.type.BlobType@168b9a4
17 mar 2018 18:41:10 [DEBUG] [org.hibernate.type.BasicTypeRegistry:145] Adding type registration materialized_blob -> org.hibernate.type.MaterializedBlobType@11666ad
17 mar 2018 18:41:10 [DEBUG] [org.hibernate.type.BasicTypeRegistry:145] Adding type registration clob -> org.hibernate.type.ClobType@19fcf7f
17 mar 2018 18:41:10 [DEBUG] [org.hibernate.type.BasicTypeRegistry:145] Adding type registration java.sql.Clob -> org.hibernate.type.ClobType@19fcf7f
17 mar 2018 18:41:10 [DEBUG] [org.hibernate.type.BasicTypeRegistry:145] Adding type registration nclob -> org.hibernate.type.NClobType@1f9eccc
17 mar 2018 18:41:10 [DEBUG] [org.hibernate.type.BasicTypeRegistry:145] Adding type registration java.sql.NClob -> org.hibernate.type.NClobType@1f9eccc
17 mar 2018 18:41:10 [DEBUG] [org.hibernate.type.BasicTypeRegistry:145] Adding type registration materialized_clob -> org.hibernate.type.MaterializedClobType@1e2d983
17 mar 2018 18:41:10 [DEBUG] [org.hibernate.type.BasicTypeRegistry:145] Adding type registration materialized_nclob -> org.hibernate.type.MaterializedNClobType@1bc39f8
17 mar 2018 18:41:10 [DEBUG] [org.hibernate.type.BasicTypeRegistry:145] Adding type registration serializable -> org.hibernate.type.SerializableType@6e276e
17 mar 2018 18:41:10 [DEBUG] [org.hibernate.type.BasicTypeRegistry:145] Adding type registration object -> org.hibernate.type.ObjectType@168ef40
17 mar 2018 18:41:10 [DEBUG] [org.hibernate.type.BasicTypeRegistry:145] Adding type registration java.lang.Object -> org.hibernate.type.ObjectType@168ef40
17 mar 2018 18:41:10 [DEBUG] [org.hibernate.type.BasicTypeRegistry:145] Adding type registration imm_date -> org.hibernate.type.AdaptedImmutableType@11c7bf6
17 mar 2018 18:41:10 [DEBUG] [org.hibernate.type.BasicTypeRegistry:145] Adding type registration imm_time -> org.hibernate.type.AdaptedImmutableType@1b485ba
17 mar 2018 18:41:10 [DEBUG] [org.hibernate.type.BasicTypeRegistry:145] Adding type registration imm_timestamp -> org.hibernate.type.AdaptedImmutableType@1546384
17 mar 2018 18:41:10 [DEBUG] [org.hibernate.type.BasicTypeRegistry:145] Adding type registration imm_dbtimestamp -> org.hibernate.type.AdaptedImmutableType@1740a0f
17 mar 2018 18:41:10 [DEBUG] [org.hibernate.type.BasicTypeRegistry:145] Adding type registration imm_calendar -> org.hibernate.type.AdaptedImmutableType@14b199c
17 mar 2018 18:41:10 [DEBUG] [org.hibernate.type.BasicTypeRegistry:145] Adding type registration imm_calendar_date -> org.hibernate.type.AdaptedImmutableType@d3d15a
17 mar 2018 18:41:10 [DEBUG] [org.hibernate.type.BasicTypeRegistry:145] Adding type registration imm_binary -> org.hibernate.type.AdaptedImmutableType@93de87
17 mar 2018 18:41:10 [DEBUG] [org.hibernate.type.BasicTypeRegistry:145] Adding type registration imm_serializable -> org.hibernate.type.AdaptedImmutableType@1ca8de8
17 mar 2018 18:41:11 [TRACE] [org.hibernate.type.TypeFactory:58] Scoping types to session factory org.hibernate.internal.SessionFactoryImpl@19f6368
